<?xml version="1.0" encoding="UTF-8"?>
<!-- Generated by org.testng.reporters.JUnitReportReporter -->
<testsuite skipped="0" hostname="WO-SHUSSAIN-DT" name="Basics" tests="1" failures="0" timestamp="12 Jul 2017 17:03:28 GMT" time="2.077" errors="0">
  <testcase name="Test" time="2.077" classname="Basics"/>
</testsuite> <!-- Basics -->
