<?xml version="1.0" encoding="UTF-8"?>
<!-- Generated by org.testng.reporters.JUnitReportReporter -->
<testsuite skipped="0" hostname="WO-SHUSSAIN-DT" name="tests.Basics3" tests="1" failures="0" timestamp="17 Jul 2017 17:02:22 GMT" time="0.812" errors="0">
  <testcase name="Test" time="0.812" classname="tests.Basics3"/>
</testsuite> <!-- tests.Basics3 -->
