<?xml version="1.0" encoding="UTF-8"?>
<!-- Generated by org.testng.reporters.JUnitReportReporter -->
<testsuite skipped="0" hostname="WO-SHUSSAIN-DT" name="mdi_AdvAgy" tests="1" failures="0" timestamp="04 Aug 2017 17:57:21 GMT" time="1.159" errors="0">
  <testcase name="Test" time="1.159" classname="mdi_AdvAgy"/>
</testsuite> <!-- mdi_AdvAgy -->
