<?xml version="1.0" encoding="UTF-8"?>
<!-- Generated by org.testng.reporters.JUnitReportReporter -->
<testsuite skipped="0" hostname="WO-SHUSSAIN-DT" name="deletePost" tests="1" failures="0" timestamp="12 Jul 2017 17:06:06 GMT" time="2.129" errors="0">
  <testcase name="addDelPlace" time="2.129" classname="deletePost"/>
</testsuite> <!-- deletePost -->
