<?xml version="1.0" encoding="UTF-8"?>
<!-- Generated by org.testng.reporters.JUnitReportReporter -->
<testsuite skipped="0" hostname="WO-SHUSSAIN-DT" name="postRequestXML" tests="1" failures="0" timestamp="13 Jul 2017 17:22:48 GMT" time="2.003" errors="0">
  <testcase name="postData" time="2.003" classname="postRequestXML"/>
</testsuite> <!-- postRequestXML -->
