<?xml version="1.0" encoding="UTF-8"?>
<!-- Generated by org.testng.reporters.JUnitReportReporter -->
<testsuite skipped="0" hostname="WO-SHUSSAIN-DT" name="postRequest" tests="1" failures="0" timestamp="06 Jul 2017 22:44:32 GMT" time="1.693" errors="0">
  <testcase name="postData" time="1.693" classname="postRequest"/>
</testsuite> <!-- postRequest -->
