<?xml version="1.0" encoding="UTF-8"?>
<!-- Generated by org.testng.reporters.JUnitReportReporter -->
<testsuite skipped="0" hostname="WO-SHUSSAIN-DT" name="jiraTest_UpdatingComment" tests="1" failures="0" timestamp="14 Jul 2017 17:57:52 GMT" time="2.641" errors="0">
  <testcase name="updateComment" time="2.641" classname="jiraTest_UpdatingComment"/>
</testsuite> <!-- jiraTest_UpdatingComment -->
