<?xml version="1.0" encoding="UTF-8"?>
<!-- Generated by org.testng.reporters.JUnitReportReporter -->
<testsuite skipped="0" hostname="WO-SHUSSAIN-DT" name="mdi_Post_AddAgy" tests="1" failures="0" timestamp="04 Aug 2017 22:00:31 GMT" time="1.289" errors="0">
  <testcase name="postData" time="1.289" classname="mdi_Post_AddAgy"/>
</testsuite> <!-- mdi_Post_AddAgy -->
