<?xml version="1.0" encoding="UTF-8"?>
<!-- Generated by org.testng.reporters.JUnitReportReporter -->
<testsuite skipped="0" hostname="WO-SHUSSAIN-DT" name="jiraTest_AddingComment" tests="1" failures="0" timestamp="14 Jul 2017 06:23:20 GMT" time="1.370" errors="0">
  <testcase name="addComment" time="1.370" classname="jiraTest_AddingComment"/>
</testsuite> <!-- jiraTest_AddingComment -->
