<?xml version="1.0" encoding="UTF-8"?>
<!-- Generated by org.testng.reporters.JUnitReportReporter -->
<testsuite skipped="0" hostname="WO-SHUSSAIN-DT" name="tests.jiraTest_UpdatingComment" tests="1" failures="0" timestamp="17 Jul 2017 17:02:22 GMT" time="0.596" errors="0">
  <testcase name="updateComment" time="0.596" classname="tests.jiraTest_UpdatingComment"/>
</testsuite> <!-- tests.jiraTest_UpdatingComment -->
