<?xml version="1.0" encoding="UTF-8"?>
<!-- Generated by org.testng.reporters.JUnitReportReporter -->
<testsuite skipped="0" hostname="WO-SHUSSAIN-DT" name="tests.Basic2" tests="1" failures="0" timestamp="17 Jul 2017 17:02:22 GMT" time="0.756" errors="0">
  <testcase name="getPlaceAPI" time="0.756" classname="tests.Basic2"/>
</testsuite> <!-- tests.Basic2 -->
