<?xml version="1.0" encoding="UTF-8"?>
<!-- Generated by org.testng.reporters.JUnitReportReporter -->
<testsuite skipped="0" hostname="WO-SHUSSAIN-DT" name="files.jiraTest" tests="1" failures="0" timestamp="14 Jul 2017 05:47:37 GMT" time="2.169" errors="0">
  <testcase name="JiraApi" time="2.169" classname="files.jiraTest"/>
</testsuite> <!-- files.jiraTest -->
