<?xml version="1.0" encoding="UTF-8"?>
<!-- Generated by org.testng.reporters.JUnitReportReporter -->
<testsuite skipped="0" hostname="WO-SHUSSAIN-DT" name="tests.bxfPlayAck" tests="1" failures="0" timestamp="17 Jul 2017 17:02:22 GMT" time="5.192" errors="0">
  <testcase name="postData" time="5.192" classname="tests.bxfPlayAck"/>
</testsuite> <!-- tests.bxfPlayAck -->
